2024-07-31 09:43:30 info: >>> DB is connected
2024-07-31 09:43:30 info: Listening on port http://localhost:8000
2024-07-31 09:43:30 info: Environment: development
2024-07-31 09:43:38 info: GET /
2024-07-31 09:44:38 info: GET /
2024-07-31 09:45:22 info: GET /
2024-07-31 09:45:32 info: GET /users
2024-07-31 09:46:17 info: >>> DB is connected
2024-07-31 09:46:17 info: Listening on port http://localhost:8000
2024-07-31 09:46:17 info: Environment: development
2024-07-31 09:46:22 info: GET /
2024-07-31 09:56:12 info: GET /users
2024-07-31 10:01:45 info: GET /src/db.js
2024-07-31 10:02:35 info: GET /api/users
2024-07-31 10:02:35 info: GET /favicon.ico
2024-07-31 10:12:01 info: >>> DB is connected
2024-07-31 10:12:01 info: Listening on port http://localhost:8000
2024-07-31 10:12:01 info: Environment: development
2024-07-31 10:12:09 info: GET /api/users
2024-07-31 10:19:10 info: GET /api/users
2024-07-31 10:19:19 info: GET /api/users
2024-07-31 10:19:45 info: GET /api/users
2024-07-31 10:20:01 info: GET /api/users/6699e2b8cd4b57fdb78c937f
2024-07-31 10:20:13 info: POST /api/auth/login
2024-07-31 10:20:27 info: POST /api/auth/register
2024-07-31 10:20:40 info: GET /api/users
2024-07-31 10:21:39 info: GET /auth/register
2024-07-31 10:21:51 info: POST /auth/register
2024-07-31 10:22:15 info: POST /auth/register
2024-07-31 10:22:32 info: POST /auth/register
2024-07-31 10:22:45 info: POST /auth/register
2024-07-31 10:23:08 info: GET /api/users/6699e2b8cd4b57fdb78c937f
2024-07-31 10:23:11 info: GET /api/users
2024-07-31 10:25:48 info: GET /api/users
2024-07-31 10:25:48 info: GET /api/users
2024-07-31 10:26:13 info: GET /api/products/
2024-07-31 10:26:14 info: GET /api/products/
2024-07-31 10:26:18 info: GET /api/orders/
2024-07-31 10:26:18 info: GET /api/orders/
2024-07-31 10:26:26 info: GET /api/products/
2024-07-31 10:26:26 info: GET /api/products/
2024-07-31 10:26:28 info: GET /api/users
2024-07-31 10:26:28 info: GET /api/users
2024-07-31 10:43:39 info: GET /api/users
2024-07-31 10:43:39 info: GET /api/users
2024-07-31 10:46:07 info: POST /api/auth/register
2024-07-31 10:46:13 info: POST /api/auth/login
2024-07-31 10:47:46 info: POST /api/auth/login
2024-07-31 10:47:53 info: GET /api/users
2024-07-31 10:47:53 info: GET /api/users
2024-07-31 10:52:19 info: GET /api/users
2024-07-31 10:52:19 info: GET /api/users
2024-07-31 10:55:52 info: GET /api/users
2024-07-31 10:55:52 info: GET /api/users
2024-07-31 11:02:46 info: GET /api/users
2024-07-31 11:02:46 info: GET /api/users
2024-07-31 11:06:21 info: GET /api/users
2024-07-31 11:06:21 info: GET /api/users
2024-07-31 11:11:04 info: GET /api/users
2024-07-31 11:11:05 info: GET /api/users
2024-07-31 11:17:56 info: GET /api/users
2024-07-31 11:17:56 info: GET /api/users
2024-07-31 11:18:29 info: GET /api/users
2024-07-31 11:18:29 info: GET /api/users
2024-07-31 11:18:32 info: GET /api/users
2024-07-31 11:18:33 info: GET /api/users
2024-07-31 11:19:10 info: GET /api/users
2024-07-31 11:19:10 info: GET /api/users
2024-07-31 11:21:46 info: GET /api/users
2024-07-31 11:21:46 info: GET /api/users
2024-07-31 11:22:04 info: GET /api/users
2024-07-31 11:22:04 info: GET /api/users
2024-07-31 11:25:29 info: GET /api/users
2024-07-31 11:25:29 info: GET /api/users
2024-07-31 11:27:34 info: GET /api/users
2024-07-31 11:27:35 info: GET /api/users
2024-07-31 11:54:03 info: GET /api/users
2024-07-31 11:54:03 info: GET /api/users
2024-07-31 11:54:17 info: GET /api/users
2024-07-31 11:54:17 info: GET /api/users
2024-07-31 11:54:44 info: GET /api/users
2024-07-31 11:54:44 info: GET /api/users
2024-07-31 11:55:05 info: GET /api/users
2024-07-31 11:55:05 info: GET /api/users
2024-07-31 11:59:34 info: GET /api/users
2024-07-31 11:59:34 info: GET /api/users
2024-07-31 12:01:58 info: GET /api/users
2024-07-31 12:01:58 info: GET /api/users
2024-07-31 12:02:04 info: GET /api/users
2024-07-31 12:02:05 info: GET /api/users
2024-07-31 12:02:10 info: GET /api/users
2024-07-31 12:02:10 info: GET /api/users
2024-07-31 12:14:02 info: GET /api/users
2024-07-31 12:14:02 info: GET /api/users
2024-07-31 12:16:20 info: GET /api/users
2024-07-31 12:16:20 info: GET /api/users
2024-07-31 12:17:27 info: GET /api/products/
2024-07-31 12:17:28 info: GET /api/products/
2024-07-31 12:32:38 info: GET /api/products/
2024-07-31 12:32:39 info: GET /api/products/
2024-07-31 12:32:54 info: GET /api/products/
2024-07-31 12:32:54 info: GET /api/products/
2024-07-31 12:33:03 info: GET /api/users
2024-07-31 12:33:03 info: GET /api/users
2024-07-31 12:33:07 info: GET /api/products/
2024-07-31 12:33:08 info: GET /api/products/
2024-07-31 12:34:49 info: GET /api/users
2024-07-31 12:34:49 info: GET /api/users
2024-07-31 12:34:57 info: GET /api/products/
2024-07-31 12:34:58 info: GET /api/products/
2024-07-31 12:37:37 info: GET /api/products/
2024-07-31 12:37:37 info: GET /api/products/
2024-07-31 12:37:40 info: GET /api/products/
2024-07-31 12:37:40 info: GET /api/products/
2024-07-31 12:38:23 info: GET /api/products/
2024-07-31 12:38:24 info: GET /api/products/
2024-07-31 12:38:47 info: GET /api/products/
2024-07-31 12:38:47 info: GET /api/products/
2024-07-31 12:38:55 info: GET /api/users
2024-07-31 12:38:55 info: GET /api/users
2024-07-31 12:38:57 info: GET /api/products/
2024-07-31 12:38:57 info: GET /api/products/
2024-07-31 12:41:35 info: GET /api/products/
2024-07-31 12:41:35 info: GET /api/products/
2024-07-31 12:42:42 info: GET /api/products/
2024-07-31 12:42:43 info: GET /api/products/
2024-07-31 12:46:15 info: GET /api/products
2024-07-31 12:46:59 info: GET /api/products/
2024-07-31 12:47:00 info: GET /api/products/
2024-07-31 12:47:29 info: GET /api/products/
2024-07-31 12:47:29 info: GET /api/products/
2024-07-31 12:49:19 info: GET /api/orders/
2024-07-31 12:49:19 info: GET /api/orders/
2024-07-31 12:49:21 info: GET /api/products/
2024-07-31 12:49:21 info: GET /api/products/
2024-07-31 12:49:22 info: GET /api/users
2024-07-31 12:49:22 info: GET /api/users
2024-07-31 12:51:13 info: GET /api/products/
2024-07-31 12:51:14 info: GET /api/products/
2024-07-31 13:41:14 info: >>> DB is connected
2024-07-31 13:41:14 info: Listening on port http://localhost:8000
2024-07-31 13:41:14 info: Environment: development
2024-07-31 13:41:14 info: POST /api/auth/login
2024-07-31 13:41:24 info: POST /api/auth/login
2024-07-31 13:41:38 info: GET /api/users
2024-07-31 13:41:38 info: GET /api/users
2024-07-31 13:45:03 info: GET /api/products/
2024-07-31 13:45:04 info: GET /api/products/
2024-07-31 13:45:07 info: GET /api/orders/
2024-07-31 13:45:08 info: GET /api/orders/
2024-07-31 13:45:37 info: GET /api/products/
2024-07-31 13:45:38 info: GET /api/products/
2024-07-31 13:46:41 info: GET /api/users
2024-07-31 13:46:41 info: GET /api/users
2024-07-31 13:46:45 info: GET /api/users
2024-07-31 13:46:45 info: GET /api/users
2024-07-31 13:46:46 info: GET /api/products/
2024-07-31 13:46:47 info: GET /api/products/
2024-07-31 13:46:48 info: GET /api/orders/
2024-07-31 13:46:48 info: GET /api/orders/
2024-07-31 13:47:07 info: GET /api/users
2024-07-31 13:47:07 info: GET /api/users
2024-08-01 12:29:27 info: >>> DB is connected
2024-08-01 12:29:27 info: Listening on port http://localhost:8000
2024-08-01 12:29:27 info: Environment: development
2024-08-01 12:30:40 info: POST /api/auth/login
2024-08-01 12:30:43 info: POST /api/auth/login
2024-08-01 12:30:47 info: POST /api/auth/login
2024-08-01 12:30:52 info: GET /api/orders/
2024-08-01 12:30:52 info: GET /api/orders/
2024-08-01 12:31:11 info: GET /api/users
2024-08-01 12:31:12 info: GET /api/users
2024-08-01 12:31:18 info: GET /api/orders/
2024-08-01 12:31:18 info: GET /api/orders/
2024-08-01 12:31:32 info: GET /api/products/
2024-08-01 12:31:33 info: GET /api/products/
2024-08-01 12:34:19 info: GET /api/products/
2024-08-01 12:34:20 info: GET /api/products/
2024-08-01 12:35:23 info: GET /api/products/
2024-08-01 12:35:24 info: GET /api/products/
2024-08-01 12:36:10 info: GET /api/products/
2024-08-01 12:36:11 info: GET /api/products/
2024-08-01 12:41:11 info: GET /api/users
2024-08-01 12:41:11 info: GET /api/users
2024-08-01 12:42:18 info: GET /api/orders/
2024-08-01 12:42:19 info: GET /api/orders/
2024-08-02 11:47:03 info: >>> DB is connected
2024-08-02 11:47:03 info: Listening on port http://localhost:8000
2024-08-02 11:47:03 info: Environment: development
2024-08-02 11:47:32 info: POST /api/auth/login
2024-08-02 11:48:14 info: POST /api/auth/login
2024-08-02 11:48:28 info: GET /api/orders/
2024-08-02 11:48:28 info: GET /api/orders/
2024-08-02 11:48:31 info: GET /api/users
2024-08-02 11:48:31 info: GET /api/users
2024-08-02 11:48:41 info: GET /api/users/undefined
2024-08-02 11:48:41 info: GET /api/users/undefined
2024-08-02 11:48:44 info: GET /api/users
2024-08-02 11:48:44 info: GET /api/users
2024-08-02 11:48:50 info: GET /api/products/
2024-08-02 11:48:50 info: GET /api/products/
2024-08-02 11:49:19 info: GET /api/products/
2024-08-02 11:49:20 info: GET /api/products/
2024-08-02 11:49:29 info: GET /api/orders/
2024-08-02 11:49:29 info: GET /api/orders/
2024-08-02 11:49:35 info: GET /api/orders/
2024-08-02 11:49:35 info: GET /api/orders/
2024-08-02 17:22:07 info: >>> DB is connected
2024-08-02 17:22:07 info: Listening on port http://localhost:8000
2024-08-02 17:22:07 info: Environment: development
2024-08-02 17:22:48 info: POST /api/auth/login
2024-08-02 17:23:07 info: GET /api/orders/
2024-08-02 17:23:07 info: GET /api/orders/
2024-08-02 17:23:20 info: GET /api/users
2024-08-02 17:23:20 info: GET /api/users
2024-08-02 17:23:30 info: GET /api/products/
2024-08-02 17:23:30 info: GET /api/products/
2024-08-02 17:23:40 info: GET /api/orders/
2024-08-02 17:23:41 info: GET /api/orders/
2024-08-02 17:24:08 info: GET /api/orders/
2024-08-02 17:24:09 info: GET /api/orders/
2024-08-02 17:24:29 info: GET /api/users
2024-08-02 17:24:30 info: GET /api/users
2024-08-02 17:26:25 info: GET /api/products/
2024-08-02 17:26:25 info: GET /api/products/
2024-08-02 17:26:36 info: GET /api/orders/
2024-08-02 17:26:37 info: GET /api/orders/
2024-08-02 17:28:00 info: GET /api/users
2024-08-02 17:28:00 info: GET /api/users
2024-08-02 17:28:16 info: GET /api/users/66a874042653bf02ff8788ee
2024-08-02 17:28:17 info: GET /api/users/66a874042653bf02ff8788ee
2024-08-02 17:28:24 info: GET /api/users
2024-08-02 17:28:24 info: GET /api/users
2024-08-02 17:36:31 info: GET /api/orders/
2024-08-02 17:36:31 info: GET /api/orders/
2024-08-02 17:36:42 info: GET /api/users
2024-08-02 17:36:43 info: GET /api/users
2024-08-02 17:37:14 info: GET /api/users/66a874042653bf02ff8788ee
2024-08-02 17:37:14 info: GET /api/users/66a874042653bf02ff8788ee
2024-08-02 17:37:18 info: GET /api/users
2024-08-02 17:37:18 info: GET /api/users
2024-08-02 17:37:20 info: GET /api/products/
2024-08-02 17:37:21 info: GET /api/products/
2024-08-02 17:37:42 info: GET /api/products/66a86aeec955bc54eeae8704
2024-08-02 17:37:42 info: GET /api/categories
2024-08-02 17:37:42 info: GET /api/categories
2024-08-02 17:37:42 info: GET /api/products/66a86aeec955bc54eeae8704
2024-08-02 17:37:52 info: GET /api/orders/
2024-08-02 17:37:52 info: GET /api/orders/
2024-08-02 17:38:13 info: GET /api/users
2024-08-02 17:38:13 info: GET /api/users
2024-08-02 17:38:48 info: GET /api/orders/
2024-08-02 17:38:49 info: GET /api/orders/
2024-08-02 17:42:01 info: GET /api/orders/
2024-08-02 17:42:01 info: GET /api/orders/
2024-08-02 17:43:22 info: POST /api/auth/logout
2024-08-02 17:43:39 info: POST /api/auth/login
2024-08-02 17:43:39 info: GET /api/orders/
2024-08-02 17:43:39 info: GET /api/orders/
2024-08-02 17:44:19 info: GET /api/users
2024-08-02 17:44:19 info: GET /api/users
2024-08-02 17:44:38 info: GET /api/products/
2024-08-02 17:44:39 info: GET /api/products/
2024-08-02 17:44:54 info: GET /api/products/
2024-08-02 17:44:55 info: GET /api/products/
2024-08-02 17:45:06 info: GET /api/users
2024-08-02 17:45:06 info: GET /api/users
2024-08-02 17:47:35 info: GET /api/users/66aa482c33feef0e129c1998
2024-08-02 17:47:35 info: GET /api/users/66aa482c33feef0e129c1998
2024-08-02 17:48:02 info: GET /api/users
2024-08-02 17:48:02 info: GET /api/users
2024-08-02 17:48:05 info: GET /api/products/
2024-08-02 17:48:06 info: GET /api/products/
2024-08-02 17:48:26 info: GET /api/orders/
2024-08-02 17:48:27 info: GET /api/orders/
2024-08-02 17:49:29 info: GET /api/users
2024-08-02 17:49:29 info: GET /api/users
2024-08-02 17:49:36 info: GET /api/products/
2024-08-02 17:49:37 info: GET /api/products/
2024-08-02 17:49:40 info: GET /api/orders/
2024-08-02 17:49:41 info: GET /api/orders/
2024-08-02 17:50:03 info: GET /api/products/
2024-08-02 17:50:04 info: GET /api/products/
2024-08-02 17:50:46 info: GET /api/orders/
2024-08-02 17:50:46 info: GET /api/orders/
2024-08-02 18:12:38 info: GET /api/orders/
2024-08-02 18:12:38 info: GET /api/orders/
2024-08-02 18:53:42 info: GET /api/orders/
2024-08-02 18:53:43 info: GET /api/orders/
2024-08-02 18:54:56 info: GET /api/users
2024-08-02 18:54:56 info: GET /api/users
2024-08-02 18:55:28 info: GET /api/users/6699cd884dee3217bf4b30db
2024-08-02 18:55:28 info: GET /api/users/6699cd884dee3217bf4b30db
2024-08-02 18:55:33 info: GET /api/users
2024-08-02 18:55:33 info: GET /api/users
2024-08-02 18:55:46 info: GET /api/products/
2024-08-02 18:55:46 info: GET /api/products/
2024-08-02 18:56:15 info: GET /api/products/
2024-08-02 18:56:16 info: GET /api/products/
2024-08-02 18:56:18 info: GET /api/orders/
2024-08-02 18:56:18 info: GET /api/orders/
2024-08-02 18:59:28 info: POST /api/auth/logout
2024-08-06 12:01:36 info: >>> DB is connected
2024-08-06 12:01:36 info: Listening on port http://localhost:8000
2024-08-06 12:01:36 info: Environment: development
2024-08-06 12:01:50 info: POST /api/auth/login
2024-08-06 12:02:09 info: GET /api/orders/
2024-08-06 12:02:10 info: GET /api/orders/
2024-08-06 12:02:26 info: GET /api/users
2024-08-06 12:02:27 info: GET /api/users
2024-08-06 12:02:41 info: GET /api/users/undefined
2024-08-06 12:02:41 info: GET /api/users/undefined
2024-08-06 12:02:43 info: GET /api/users
2024-08-06 12:02:44 info: GET /api/users
2024-08-06 12:02:50 info: GET /api/users/undefined
2024-08-06 12:02:50 info: GET /api/users/undefined
2024-08-06 12:03:25 info: PUT /api/users/undefined
2024-08-06 12:03:34 info: PUT /api/users/undefined
2024-08-06 12:12:56 info: GET /api/users
2024-08-06 12:12:56 info: GET /api/users
2024-08-06 12:13:15 info: GET /api/users
2024-08-06 12:13:15 info: GET /api/users
2024-08-06 12:13:18 info: GET /api/users/undefined
2024-08-06 12:13:18 info: GET /api/users/undefined
2024-08-06 12:13:36 info: PUT /api/users/undefined
2024-08-06 12:13:38 info: PUT /api/users/undefined
2024-08-06 12:24:00 info: POST /api/users/undefined
2024-08-06 12:25:11 info: POST /api/users/undefined
2024-08-06 12:29:00 info: POST /api/users
2024-08-06 12:29:01 info: GET /api/users
2024-08-06 12:29:01 info: GET /api/users
2024-08-06 12:29:48 info: GET /api/users/undefined
2024-08-06 12:29:48 info: GET /api/users/undefined
2024-08-06 12:30:34 info: POST /api/users
2024-08-06 12:30:34 info: GET /api/users
2024-08-06 12:30:35 info: GET /api/users
2024-08-06 12:30:45 info: GET /api/users/66b24faaff51d2e3521cdf0a
2024-08-06 12:30:46 info: GET /api/users/66b24faaff51d2e3521cdf0a
2024-08-06 12:30:55 info: PUT /api/users/66b24faaff51d2e3521cdf0a
2024-08-06 12:30:55 info: GET /api/users
2024-08-06 12:30:55 info: GET /api/users
2024-08-06 12:31:03 info: GET /api/users/66b24faaff51d2e3521cdf0a
2024-08-06 12:31:03 info: GET /api/users/66b24faaff51d2e3521cdf0a
2024-08-06 12:31:16 info: PUT /api/users/66b24faaff51d2e3521cdf0a
2024-08-06 12:31:16 info: GET /api/users
2024-08-06 12:31:16 info: GET /api/users
2024-08-06 12:31:23 info: GET /api/users/66b24f4cff51d2e3521cdf05
2024-08-06 12:31:23 info: GET /api/users/66b24f4cff51d2e3521cdf05
2024-08-06 12:31:35 info: PUT /api/users/66b24f4cff51d2e3521cdf05
2024-08-06 12:31:36 info: GET /api/users
2024-08-06 12:31:36 info: GET /api/users
2024-08-06 12:33:32 info: GET /api/users
2024-08-06 12:33:32 info: GET /api/users
2024-08-06 12:34:13 info: POST /api/users
2024-08-06 12:34:17 info: POST /api/users
2024-08-06 12:34:34 info: POST /api/users
2024-08-06 12:34:37 info: POST /api/users
2024-08-06 12:34:51 info: POST /api/users
2024-08-06 12:34:55 info: GET /api/users/undefined
2024-08-06 12:34:55 info: GET /api/users/undefined
2024-08-06 12:35:28 info: POST /api/users
2024-08-06 12:35:43 info: POST /api/users/undefined
2024-08-06 12:35:44 info: POST /api/users/undefined
2024-08-06 12:36:00 info: POST /api/users/undefined
2024-08-06 12:36:10 info: POST /api/users
2024-08-06 12:36:11 info: GET /api/users
2024-08-06 12:36:11 info: GET /api/users
2024-08-06 12:36:33 info: GET /api/users/66b250faff51d2e3521cdf20
2024-08-06 12:36:33 info: GET /api/users/66b250faff51d2e3521cdf20
2024-08-06 12:36:39 info: PUT /api/users/66b250faff51d2e3521cdf20
2024-08-06 12:36:39 info: GET /api/users
2024-08-06 12:36:39 info: GET /api/users
2024-08-06 12:38:10 info: GET /api/users/undefined
2024-08-06 12:38:10 info: GET /api/users/undefined
2024-08-06 12:38:50 info: POST /api/users
2024-08-06 12:38:50 info: GET /api/users
2024-08-06 12:38:51 info: GET /api/users
2024-08-06 12:40:07 info: GET /api/users
2024-08-06 12:40:07 info: GET /api/users
2024-08-06 12:40:53 info: POST /api/users
2024-08-06 12:40:53 info: GET /api/users
2024-08-06 12:40:53 info: GET /api/users
2024-08-06 12:41:41 info: GET /api/users
2024-08-06 12:41:41 info: GET /api/users
2024-08-06 12:42:36 info: POST /api/users
2024-08-06 12:42:37 info: GET /api/users
2024-08-06 12:42:37 info: GET /api/users
2024-08-06 12:43:08 info: GET /api/products/
2024-08-06 12:43:08 info: GET /api/products/
2024-08-06 12:43:10 info: GET /api/users
2024-08-06 12:43:10 info: GET /api/users
2024-08-06 12:43:20 info: GET /api/products/
2024-08-06 12:43:21 info: GET /api/products/
2024-08-06 12:43:31 info: GET /api/users
2024-08-06 12:43:31 info: GET /api/users
2024-08-06 12:44:26 info: GET /api/products/
2024-08-06 12:44:27 info: GET /api/products/
2024-08-06 12:47:17 info: GET /api/users
2024-08-06 12:47:17 info: GET /api/users
2024-08-06 12:48:10 info: GET /api/products/
2024-08-06 12:48:10 info: GET /api/products/
2024-08-06 13:00:13 info: GET /api/users
2024-08-06 13:00:13 info: GET /api/users
2024-08-06 13:00:16 info: GET /api/products/
2024-08-06 13:00:16 info: GET /api/products/
2024-08-06 13:00:19 info: GET /api/users
2024-08-06 13:00:19 info: GET /api/users
2024-08-06 13:00:36 info: GET /api/products/
2024-08-06 13:00:36 info: GET /api/products/
2024-08-06 13:00:52 info: GET /api/orders/
2024-08-06 13:00:52 info: GET /api/orders/
2024-08-06 13:00:59 info: GET /api/products/
2024-08-06 13:00:59 info: GET /api/products/
2024-08-06 13:01:00 info: GET /api/users
2024-08-06 13:01:00 info: GET /api/users
2024-08-06 13:04:21 info: GET /api/users
2024-08-06 13:04:22 info: GET /api/users
2024-08-06 13:05:00 info: GET /api/orders/
2024-08-06 13:05:00 info: GET /api/orders/
2024-08-06 13:07:15 info: GET /api/orders/
2024-08-06 13:07:15 info: GET /api/orders/
2024-08-06 13:10:14 info: GET /api/users
2024-08-06 13:10:14 info: GET /api/users
2024-08-06 13:10:20 info: GET /api/products/
2024-08-06 13:10:21 info: GET /api/products/
2024-08-06 13:10:22 info: GET /api/users
2024-08-06 13:10:23 info: GET /api/users
2024-08-06 13:12:46 info: GET /api/orders/
2024-08-06 13:12:46 info: GET /api/orders/
2024-08-06 13:14:58 info: GET /api/users
2024-08-06 13:14:58 info: GET /api/users
2024-08-06 13:15:59 info: GET /api/users
2024-08-06 13:18:05 info: GET /api/users
2024-08-06 13:18:06 info: GET /api/users
2024-08-06 13:18:33 info: GET /api/users/66b24f4cff51d2e3521cdf05
2024-08-06 13:18:33 info: GET /api/users/66b24f4cff51d2e3521cdf05
2024-08-06 13:18:42 info: GET /api/users
2024-08-06 13:18:42 info: GET /api/users
2024-08-06 13:18:47 info: GET /api/users/66b24f4cff51d2e3521cdf05
2024-08-06 13:18:47 info: GET /api/users/66b24f4cff51d2e3521cdf05
2024-08-06 13:18:54 info: GET /api/users
2024-08-06 13:18:54 info: GET /api/users
2024-08-06 13:19:24 info: GET /api/users/6699cd884dee3217bf4b30db
2024-08-06 13:19:24 info: GET /api/users/6699cd884dee3217bf4b30db
2024-08-06 13:19:30 info: GET /api/users/6699cd884dee3217bf4b30db
2024-08-06 13:19:30 info: GET /api/users/6699cd884dee3217bf4b30db
2024-08-06 13:19:32 info: GET /api/users
2024-08-06 13:19:32 info: GET /api/users
2024-08-06 13:19:34 info: GET /api/users/66a423efa8729698f59c2800
2024-08-06 13:19:34 info: GET /api/users/66a423efa8729698f59c2800
2024-08-06 13:19:35 info: GET /api/users
2024-08-06 13:19:36 info: GET /api/users
2024-08-06 13:20:14 info: GET /api/users/6699cd884dee3217bf4b30db
2024-08-06 13:20:14 info: GET /api/users/6699cd884dee3217bf4b30db
2024-08-06 13:20:28 info: GET /api/users/6699cd884dee3217bf4b30db
2024-08-06 13:20:28 info: GET /api/users/6699cd884dee3217bf4b30db
2024-08-06 13:20:32 info: GET /api/users/6699cd884dee3217bf4b30db
2024-08-06 13:20:32 info: GET /api/users/6699cd884dee3217bf4b30db
2024-08-06 13:20:47 info: GET /api/orders/
2024-08-06 13:20:48 info: GET /api/orders/
2024-08-06 13:20:48 info: GET /api/users/6699cd884dee3217bf4b30db
2024-08-06 13:20:48 info: GET /api/users/6699cd884dee3217bf4b30db
2024-08-06 13:20:52 info: PUT /api/users/6699cd884dee3217bf4b30db
2024-08-06 13:20:58 info: GET /api/orders/
2024-08-06 13:20:58 info: GET /api/orders/
2024-08-06 13:20:59 info: GET /api/users/6699cd884dee3217bf4b30db
2024-08-06 13:20:59 info: GET /api/users/6699cd884dee3217bf4b30db
2024-08-06 13:21:01 info: GET /api/users
2024-08-06 13:21:01 info: GET /api/users
2024-08-06 13:21:03 info: GET /api/users/6699cd884dee3217bf4b30db
2024-08-06 13:21:03 info: GET /api/users/6699cd884dee3217bf4b30db
2024-08-06 13:21:05 info: GET /api/users
2024-08-06 13:21:06 info: GET /api/users
2024-08-06 13:21:27 info: GET /api/users/6699cd884dee3217bf4b30db
2024-08-06 13:21:27 info: GET /api/users/6699cd884dee3217bf4b30db
2024-08-06 13:21:29 info: GET /api/users
2024-08-06 13:21:30 info: GET /api/users
2024-08-06 13:21:36 info: GET /api/users/66b2519aff51d2e3521cdf2a
2024-08-06 13:21:36 info: GET /api/users/66b2519aff51d2e3521cdf2a
2024-08-06 13:21:42 info: GET /api/users
2024-08-06 13:21:42 info: GET /api/users
2024-08-06 13:22:44 info: GET /api/users/undefined
2024-08-06 13:22:44 info: GET /api/users/undefined
2024-08-06 13:22:46 info: GET /api/users
2024-08-06 13:22:46 info: GET /api/users
2024-08-06 13:23:11 info: GET /api/users
2024-08-06 13:23:11 info: GET /api/users
2024-08-06 13:23:51 info: POST /api/users
2024-08-06 13:23:53 info: POST /api/users
2024-08-06 13:24:18 info: POST /api/users
2024-08-06 13:24:48 info: POST /api/users
2024-08-06 13:24:51 info: GET /api/users
2024-08-06 13:24:51 info: GET /api/users
2024-08-06 13:25:00 info: GET /api/users/undefined
2024-08-06 13:25:00 info: GET /api/users/undefined
2024-08-06 13:25:32 info: POST /api/users
2024-08-06 13:25:33 info: POST /api/users
2024-08-06 13:25:47 info: POST /api/users
2024-08-06 13:25:51 info: GET /api/users
2024-08-06 13:25:51 info: GET /api/users
2024-08-06 13:26:17 info: POST /api/users
2024-08-06 13:27:26 info: POST /api/users
2024-08-06 13:27:46 info: POST /api/users
2024-08-06 13:31:24 info: >>> DB is connected
2024-08-06 13:31:24 info: Listening on port http://localhost:8000
2024-08-06 13:31:24 info: Environment: development
2024-08-06 13:31:43 info: POST /api/auth/login
2024-08-06 13:31:45 info: POST /api/auth/login
2024-08-06 13:31:56 info: POST /api/auth/login
2024-08-06 13:32:10 info: GET /api/orders/
2024-08-06 13:32:11 info: GET /api/orders/
2024-08-06 13:32:18 info: GET /api/users
2024-08-06 13:32:19 info: GET /api/users
2024-08-06 13:32:39 info: GET /api/users
2024-08-06 13:32:39 info: GET /api/users
2024-08-06 13:33:09 info: POST /api/users
2024-08-06 13:33:10 error: MongoServerError: E11000 duplicate key error collection: inventory.users index: identification_1 dup key: { identification: "12345" }
    at InsertOneOperation.execute (C:\Users\Johansen Picado\Desktop\No country\c19-51-n-node-react\server\node_modules\mongodb\lib\operations\insert.js:51:19)
    at process.processTicksAndRejections (node:internal/process/task_queues:95:5)
    at async executeOperation (C:\Users\Johansen Picado\Desktop\No country\c19-51-n-node-react\server\node_modules\mongodb\lib\operations\execute_operation.js:136:16)
    at async Collection.insertOne (C:\Users\Johansen Picado\Desktop\No country\c19-51-n-node-react\server\node_modules\mongodb\lib\collection.js:155:16)
2024-08-06 13:33:51 info: GET /api/users
2024-08-06 13:33:52 info: GET /api/users
2024-08-06 13:34:04 info: GET /api/users
2024-08-06 13:34:29 info: GET /api/users
2024-08-06 13:34:29 info: GET /api/users
2024-08-06 13:34:58 info: POST /api/users
2024-08-06 13:34:59 info: GET /api/users
2024-08-06 13:34:59 info: GET /api/users
2024-08-06 13:35:08 info: GET /api/users/66b25ec354c63da4c854abdd
2024-08-06 13:35:08 info: GET /api/users/66b25ec354c63da4c854abdd
2024-08-06 13:35:16 info: PUT /api/users/66b25ec354c63da4c854abdd
2024-08-06 13:35:17 info: GET /api/users
2024-08-06 13:35:17 info: GET /api/users
2024-08-06 13:35:57 info: GET /api/users/66b25ec354c63da4c854abdd
2024-08-06 13:35:58 info: GET /api/users/66b25ec354c63da4c854abdd
2024-08-06 13:36:01 info: PUT /api/users/66b25ec354c63da4c854abdd
2024-08-06 13:36:01 info: GET /api/users
2024-08-06 13:36:01 info: GET /api/users
2024-08-06 13:36:17 info: GET /api/products/
2024-08-06 13:36:18 info: GET /api/products/
2024-08-06 21:13:51 info: >>> DB is connected
2024-08-06 21:13:51 info: Listening on port http://localhost:8000
2024-08-06 21:13:51 info: Environment: development
2024-08-06 21:19:14 info: POST /api/auth/login
2024-08-06 21:19:20 info: GET /api/orders/
2024-08-06 21:19:20 info: GET /api/orders/
2024-08-06 21:19:32 info: GET /api/users
2024-08-06 21:19:32 info: GET /api/users
2024-08-06 21:30:40 info: GET /api/orders/
2024-08-06 21:30:41 info: GET /api/orders/
2024-08-08 12:03:59 info: >>> DB is connected
2024-08-08 12:03:59 info: Listening on port http://localhost:8000
2024-08-08 12:03:59 info: Environment: development
2024-08-08 12:04:34 info: POST /api/auth/login
2024-08-08 12:04:51 info: GET /api/orders/
2024-08-08 12:04:51 info: GET /api/orders/
2024-08-08 12:07:59 info: GET /api/orders/
2024-08-08 12:07:59 info: GET /api/orders/
2024-08-08 12:08:27 info: GET /api/products/
2024-08-08 12:08:56 info: GET /api/products/
2024-08-08 12:09:01 info: GET /api/users
2024-08-08 12:09:59 info: GET /api/products/
2024-08-08 12:10:00 info: GET /api/products/
2024-08-08 12:10:18 info: GET /api/products/
2024-08-08 12:10:19 info: GET /api/products/
2024-08-08 12:16:11 info: GET /api/products/
2024-08-08 12:16:12 info: GET /api/products/
2024-08-08 12:16:18 info: GET /api/orders/
2024-08-08 12:16:18 info: GET /api/orders/
2024-08-08 12:16:21 info: GET /api/products/
2024-08-08 12:16:22 info: GET /api/products/
2024-08-08 12:16:24 info: GET /api/users
2024-08-08 12:16:25 info: GET /api/users
2024-08-08 12:17:32 info: GET /api/users
2024-08-08 12:17:32 info: GET /api/users
2024-08-08 12:17:41 info: GET /api/products/
2024-08-08 12:17:41 info: GET /api/products/
2024-08-08 12:17:45 info: GET /api/orders/
2024-08-08 12:17:45 info: GET /api/orders/
2024-08-08 12:17:48 info: GET /api/users
2024-08-08 12:17:48 info: GET /api/users
2024-08-08 12:18:19 info: GET /api/users
2024-08-08 12:18:19 info: GET /api/users
2024-08-08 12:19:13 info: GET /api/products/
2024-08-08 12:19:13 info: GET /api/products/
2024-08-08 12:19:15 info: GET /api/orders/
2024-08-08 12:19:16 info: GET /api/orders/
2024-08-08 12:19:17 info: GET /api/users
2024-08-08 12:19:17 info: GET /api/users
2024-08-08 12:19:18 info: GET /api/products/
2024-08-08 12:19:18 info: GET /api/products/
2024-08-08 12:35:10 info: GET /api/products/
2024-08-08 12:35:11 info: GET /api/products/
2024-08-08 13:01:06 info: GET /api/products/
2024-08-08 13:01:07 info: GET /api/products/
2024-08-08 13:25:21 info: >>> DB is connected
2024-08-08 13:25:21 info: Listening on port http://localhost:8000
2024-08-08 13:25:21 info: Environment: development
2024-08-08 13:25:38 info: POST /api/auth/login
2024-08-08 13:26:06 info: GET /api/orders/
2024-08-08 13:26:06 info: GET /api/orders/
2024-08-08 13:26:13 info: GET /api/products/
2024-08-08 13:26:13 info: GET /api/products/
2024-08-08 13:30:40 info: POST /api/users
2024-08-08 13:31:36 info: POST /api/products
2024-08-08 13:31:41 info: POST /api/products
2024-08-08 13:32:37 info: POST /api/products
2024-08-08 13:32:50 info: POST /api/products/
2024-08-08 13:33:11 info: POST /api/products/
2024-08-08 13:33:13 info: GET /api/products/
2024-08-08 13:33:14 info: GET /api/products/
2024-08-08 13:33:40 info: POST /api/products/
2024-08-08 13:38:19 info: POST /api/products/
2024-08-08 13:38:42 info: POST /api/products
2024-08-08 13:39:19 info: POST /api/products/
2024-08-08 13:40:05 info: POST /api/products/
2024-08-08 13:40:09 info: GET /api/products/
2024-08-08 13:40:09 info: GET /api/products/
2024-08-08 13:41:24 info: POST /api/products/
2024-08-08 13:41:28 info: POST /api/products/
2024-08-08 13:46:25 info: POST /api/products/
2024-08-08 13:47:10 info: POST /api/products/
2024-08-08 13:47:16 info: POST /api/products
2024-08-08 13:47:20 info: POST /api/products
2024-08-08 13:47:24 info: GET /api/products/
2024-08-08 13:47:30 info: POST /api/products
2024-08-08 13:47:35 info: POST /api/users
2024-08-08 13:47:39 info: POST /api/users
2024-08-08 17:34:59 info: >>> DB is connected
2024-08-08 17:34:59 info: Listening on port http://localhost:8000
2024-08-08 17:34:59 info: Environment: development
2024-08-08 17:35:25 info: POST /api/auth/login
2024-08-08 17:35:40 info: GET /api/orders/
2024-08-08 17:35:41 info: GET /api/orders/
2024-08-08 17:35:45 info: GET /api/products/
2024-08-08 17:35:46 info: GET /api/products/
2024-08-08 17:36:13 info: POST /api/products/
2024-08-08 17:36:33 info: POST /api/products/
2024-08-08 17:37:14 info: POST /api/users
2024-08-08 17:37:24 info: POST /api/products
2024-08-08 17:37:29 info: GET /api/products/
2024-08-08 17:37:39 info: POST /api/products
2024-08-08 17:37:47 info: GET /api/products/
2024-08-08 17:37:48 info: GET /api/products/
2024-08-08 17:39:00 info: GET /api/products
2024-08-08 17:39:01 info: GET /favicon.ico
2024-08-08 17:39:36 info: POST /api/products/
2024-08-08 17:40:14 info: GET /api/products/
2024-08-08 17:40:20 info: POST /api/products/
2024-08-08 17:40:27 info: POST /api/products/
2024-08-08 17:40:59 info: POST /api/products/
2024-08-08 17:41:10 info: POST /api/products/
2024-08-08 17:41:18 info: POST /api/products/
2024-08-08 17:41:26 info: GET /api/products/
2024-08-08 17:41:26 info: GET /api/products/
2024-08-08 17:41:48 info: POST /api/products/
2024-08-10 17:02:28 info: >>> DB is connected
2024-08-10 17:02:28 info: Listening on port http://localhost:8000
2024-08-10 17:02:28 info: Environment: development
2024-08-10 17:03:34 info: POST /api/auth/login
2024-08-10 17:03:41 info: GET /api/orders/
2024-08-10 17:03:42 info: GET /api/orders/
2024-08-10 17:03:47 info: GET /api/products/
2024-08-10 17:03:47 info: GET /api/products/
2024-08-10 17:04:26 info: POST /api/products/
2024-08-10 17:04:39 info: POST /api/products/
2024-08-10 17:08:45 info: GET /api/products/add
2024-08-10 17:08:45 info: GET /api/categories
2024-08-10 17:08:45 info: GET /api/products/add
2024-08-10 17:08:45 info: GET /api/categories
2024-08-10 17:09:05 info: GET /api/products/
2024-08-10 17:09:06 info: GET /api/products/
2024-08-10 17:09:26 info: POST /api/products/
2024-08-10 17:10:55 info: GET /api/products/
2024-08-10 17:10:56 info: GET /favicon.ico
2024-08-10 17:22:12 info: GET /api/users
2024-08-10 17:26:59 info: POST /api/products/
2024-08-10 17:28:01 info: POST /api/products/
2024-08-10 17:29:23 info: POST /api/products/
2024-08-10 17:29:36 info: POST /api/products/
2024-08-10 17:30:04 info: POST /api/products/
2024-08-10 19:53:44 info: >>> DB is connected
2024-08-10 19:53:44 info: Listening on port http://localhost:8000
2024-08-10 19:53:44 info: Environment: development
2024-08-10 19:53:50 info: POST /api/auth/login
2024-08-10 19:53:56 info: GET /api/orders/
2024-08-10 19:53:57 info: GET /api/orders/
2024-08-10 19:54:02 info: GET /api/products/
2024-08-10 19:54:02 info: GET /api/products/
2024-08-10 19:54:45 info: POST /api/products/
2024-08-10 19:54:54 info: POST /api/products/
2024-08-10 20:04:14 info: POST /api/products/
2024-08-10 20:12:15 info: >>> DB is connected
2024-08-10 20:12:15 info: Listening on port http://localhost:8000
2024-08-10 20:12:15 info: Environment: development
2024-08-10 20:12:23 info: POST /api/products/
2024-08-10 20:16:47 info: POST /api/products
2024-08-10 20:16:53 info: GET /api/products/66a86aeec955bc54eeae8707
2024-08-10 20:17:00 info: GET /api/products/
2024-08-10 20:17:33 info: POST /api/users
2024-08-10 20:20:16 info: POST /api/products/
2024-08-10 20:31:06 info: POST /api/products/
2024-08-16 21:35:27 info: >>> DB is connected
2024-08-16 21:35:27 info: Listening on port http://localhost:8000
2024-08-16 21:35:27 info: Environment: development
2024-08-16 21:44:06 info: POST /api/auth/login
2024-08-16 21:44:14 info: POST /api/auth/login
2024-08-16 21:44:20 info: GET /api/orders/
2024-08-16 21:44:20 info: GET /api/orders/
2024-08-16 21:44:25 info: GET /api/products/
2024-08-16 21:44:26 info: GET /api/products/
2024-08-16 21:46:20 info: POST /api/products/
2024-08-16 21:46:33 info: POST /api/products/
2024-08-16 21:46:45 info: GET /
2024-08-16 21:46:51 info: GET /api/products/
2024-08-16 21:46:52 info: GET /favicon.ico
2024-08-16 21:47:15 info: POST /api/products
2024-08-16 21:47:18 info: POST /api/products
2024-08-16 21:47:42 info: GET /api/products
2024-08-16 21:48:21 info: POST /api/products
2024-08-16 21:49:20 info: POST /api/users
2024-08-16 21:49:27 info: POST /api/products
2024-08-16 21:49:58 info: GET /api/products/
2024-08-16 21:50:13 info: POST /api/users
2024-08-16 21:50:24 info: GET /api/users
2024-08-16 21:50:29 info: POST /api/products
2024-08-16 21:50:44 info: POST /api/products
2024-08-16 21:57:05 info: POST /api/products/
2024-08-16 21:57:12 info: POST /api/products
2024-08-16 21:57:18 info: POST /api/products/
2024-08-16 21:57:57 info: POST /api/products/
2024-08-16 22:06:31 info: POST /api/products
2024-08-16 22:12:11 info: >>> DB is connected
2024-08-16 22:12:11 info: Listening on port http://localhost:8000
2024-08-16 22:12:11 info: Environment: development
2024-08-16 22:12:39 info: POST /api/products/
2024-08-16 22:13:00 info: POST /api/products/
2024-08-16 22:14:30 info: POST /api/products/
2024-08-16 22:14:44 info: POST /api/products/
2024-08-16 22:17:59 info: POST /api/products/
2024-08-16 22:18:00 info: GET /api/products/
2024-08-16 22:18:01 info: GET /api/products/
2024-08-16 22:21:55 info: GET /api/products/
2024-08-16 22:21:56 info: GET /api/products/
2024-08-16 22:22:10 info: DELETE /api/products/66c00857395d76e6e5575027
2024-08-16 22:22:52 info: POST /api/products/
2024-08-16 22:22:53 info: GET /api/products/
2024-08-16 22:22:54 info: GET /api/products/
2024-08-16 22:27:38 info: POST /api/products
2024-08-16 22:28:01 info: POST /api/products
2024-08-16 22:28:18 info: POST /api/products
2024-08-16 22:29:46 info: POST /api/products
2024-08-20 11:59:57 info: >>> DB is connected
2024-08-20 11:59:58 info: Listening on port http://localhost:8000
2024-08-20 11:59:58 info: Environment: development
2024-08-20 12:01:18 info: POST /api/auth/login
2024-08-20 12:01:24 info: GET /api/orders/
2024-08-20 12:01:24 info: GET /api/orders/
2024-08-20 12:01:38 info: GET /api/products/
2024-08-20 12:01:38 info: GET /api/products/
2024-10-17 12:14:33 info: >>> DB is connected
2024-10-17 12:14:33 info: Listening on port http://localhost:8000
2024-10-17 12:14:33 info: Environment: development
2024-10-17 12:14:46 info: GET /api/products/
2024-10-17 12:14:55 info: GET /api/users
2024-10-17 12:15:27 info: POST /api/auth/login
2024-10-17 12:15:32 info: POST /api/auth/login
2024-10-17 12:15:38 info: POST /api/auth/login
2024-10-17 12:17:24 info: POST /api/auth/login
2024-10-17 12:17:47 info: POST /api/auth/login
2024-10-17 12:17:58 info: POST /api/auth/login
2024-10-17 12:18:08 info: POST /api/auth/login
2024-10-17 12:18:19 info: POST /api/auth/login
2024-10-17 12:18:22 info: POST /api/auth/login
2024-10-17 12:18:41 info: POST /api/auth/login
2024-10-17 12:18:54 info: GET /api/orders/
2024-10-17 12:18:54 info: GET /api/orders/
2024-10-17 12:19:09 info: GET /api/users
2024-10-17 12:19:09 info: GET /api/users
2024-10-17 12:19:25 info: GET /api/users/66b24faaff51d2e3521cdf0a
2024-10-17 12:19:25 info: GET /api/users/66b24faaff51d2e3521cdf0a
2024-10-17 12:19:31 info: PUT /api/users/66b24faaff51d2e3521cdf0a
2024-10-17 12:19:31 info: GET /api/users
2024-10-17 12:19:31 info: GET /api/users
2024-10-17 12:19:42 info: POST /api/auth/logout
2024-10-17 12:19:52 info: POST /api/auth/login
2024-10-17 12:20:13 info: POST /api/auth/login
2024-10-17 12:20:13 info: GET /api/orders/
2024-10-17 12:20:14 info: GET /api/orders/
2024-10-17 12:20:21 info: GET /api/users
2024-10-17 12:20:21 info: GET /api/users
2024-10-17 12:20:43 info: GET /api/users
2024-10-17 12:20:43 info: GET /api/users
2024-10-17 12:21:09 info: POST /api/users
2024-10-17 12:22:32 info: POST /api/users
2024-10-17 12:22:39 info: GET /api/users
2024-10-17 12:22:39 info: GET /api/users
2024-10-17 12:32:40 info: >>> DB is connected
2024-10-17 12:32:40 info: Listening on port http://localhost:8000
2024-10-17 12:32:40 info: Environment: development
2024-10-17 12:33:34 info: POST /api/auth/login
2024-10-17 12:34:06 info: GET /api/orders/
2024-10-17 12:34:07 info: GET /api/orders/
2024-10-17 12:34:22 info: GET /api/users
2024-10-17 12:34:22 info: GET /api/users
2024-10-17 12:34:36 info: GET /api/products/
2024-10-17 12:34:37 info: GET /api/products/
2024-10-17 12:34:52 info: GET /api/orders/
2024-10-17 12:34:53 info: GET /api/orders/
2024-10-17 12:35:29 info: GET /api/orders/
2024-10-17 12:35:29 info: GET /api/orders/
2024-10-17 12:35:33 info: GET /api/users
2024-10-17 12:35:34 info: GET /api/users
2024-10-17 12:35:34 info: GET /api/products/
2024-10-17 12:35:35 info: GET /api/products/
2024-10-17 12:35:36 info: GET /api/orders/
2024-10-17 12:35:37 info: GET /api/orders/
2024-10-17 12:53:08 info: >>> DB is connected
2024-10-17 12:53:08 info: Listening on port http://localhost:8000
2024-10-17 12:53:08 info: Environment: development
2024-10-17 12:53:10 info: POST /api/auth/login
2024-10-17 12:53:25 info: GET /api/orders/
2024-10-17 12:53:25 info: GET /api/orders/
2024-10-17 12:53:33 info: GET /api/users
2024-10-17 12:53:33 info: GET /api/users
2024-10-17 12:53:37 info: GET /api/products/
2024-10-17 12:53:38 info: GET /api/products/
2024-10-17 12:53:42 info: GET /api/orders/
2024-10-17 12:53:42 info: GET /api/orders/
2024-10-17 12:53:44 info: POST /api/auth/logout
2024-10-17 13:03:58 info: >>> DB is connected
2024-10-17 13:03:58 info: Listening on port http://localhost:8000
2024-10-17 13:03:58 info: Environment: development
2024-10-17 13:05:12 info: POST /api/auth/login
2024-10-17 13:05:29 info: GET /api/orders/
2024-10-17 13:05:29 info: GET /api/orders/
2024-10-17 13:06:06 info: GET /api/orders/
2024-10-17 13:06:06 info: GET /api/orders/
2024-10-17 13:06:10 info: GET /api/orders/
2024-10-17 13:06:11 info: GET /api/orders/
2024-10-17 13:20:10 info: >>> DB is connected
2024-10-17 13:20:10 info: Listening on port http://localhost:8000
2024-10-17 13:20:10 info: Environment: development
2024-10-17 13:20:23 info: POST /api/auth/login
2024-10-17 13:20:45 info: GET /api/orders/
2024-10-17 13:20:46 info: GET /api/orders/
2024-10-17 13:21:01 info: GET /api/users
2024-10-17 13:21:01 info: GET /api/users
2024-10-17 13:21:43 info: GET /api/products/
2024-10-17 13:21:43 info: GET /api/products/
2024-10-17 13:22:06 info: GET /api/orders/
2024-10-17 13:22:06 info: GET /api/orders/
